# JRE version: OpenJDK Runtime Environment (8.0_152-b01) (build 1.8.0_152-release-1248-b01)
# Java VM: OpenJDK 64-Bit Server VM (25.152-b01 mixed mode windows-amd64 compressed oops)
Heap:
 PSYoungGen      total 20992K, used 12064K [0x00000000e0000000, 0x00000000e1a80000, 0x0000000100000000)
  eden space 15872K, 56% used [0x00000000e0000000,0x00000000e08bfab0,0x00000000e0f80000)
  from space 5120K, 60% used [0x00000000e1580000,0x00000000e18887f0,0x00000000e1a80000)
  to   space 5632K, 0% used [0x00000000e0f80000,0x00000000e0f80000,0x00000000e1500000)
 ParOldGen       total 33280K, used 19212K [0x00000000a0000000, 0x00000000a2080000, 0x00000000e0000000)
  object space 33280K, 57% used [0x00000000a0000000,0x00000000a12c3038,0x00000000a2080000)
 Metaspace       used 42257K, capacity 43024K, committed 43184K, reserved 1087488K
  class space    used 5726K, capacity 6017K, committed 6064K, reserved 1048576K
GC Heap History (10 events):
Event: 50.554 GC heap before
{Heap before GC invocations=24 (full 2):
 PSYoungGen      total 21504K, used 15872K [0x00000000e0000000, 0x00000000e1a80000, 0x0000000100000000)
  eden space 15872K, 100% used [0x00000000e0000000,0x00000000e0f80000,0x00000000e0f80000)
  from space 5632K, 0% used [0x00000000e0f80000,0x00000000e0f80000,0x00000000e1500000)
  to   space 5632K, 0% used [0x00000000e1500000,0x00000000e1500000,0x00000000e1a80000)
 ParOldGen       total 33280K, used 14392K [0x00000000a0000000, 0x00000000a2080000, 0x00000000e0000000)
  object space 33280K, 43% used [0x00000000a0000000,0x00000000a0e0e110,0x00000000a2080000)
 Metaspace       used 37262K, capacity 37894K, committed 38192K, reserved 1081344K
  class space    used 5110K, capacity 5365K, committed 5424K, reserved 1048576K
Event: 50.556 GC heap after
Heap after GC invocations=24 (full 2):
 PSYoungGen      total 21504K, used 2709K [0x00000000e0000000, 0x00000000e1a80000, 0x0000000100000000)
  eden space 15872K, 0% used [0x00000000e0000000,0x00000000e0000000,0x00000000e0f80000)
  from space 5632K, 48% used [0x00000000e1500000,0x00000000e17a5510,0x00000000e1a80000)
  to   space 5632K, 0% used [0x00000000e0f80000,0x00000000e0f80000,0x00000000e1500000)
 ParOldGen       total 33280K, used 14392K [0x00000000a0000000, 0x00000000a2080000, 0x00000000e0000000)
  object space 33280K, 43% used [0x00000000a0000000,0x00000000a0e0e110,0x00000000a2080000)
 Metaspace       used 37262K, capacity 37894K, committed 38192K, reserved 1081344K
  class space    used 5110K, capacity 5365K, committed 5424K, reserved 1048576K
}
Event: 55.237 GC heap before
{Heap before GC invocations=25 (full 2):
 PSYoungGen      total 21504K, used 18553K [0x00000000e0000000, 0x00000000e1a80000, 0x0000000100000000)
  eden space 15872K, 99% used [0x00000000e0000000,0x00000000e0f790f8,0x00000000e0f80000)
  from space 5632K, 48% used [0x00000000e1500000,0x00000000e17a5510,0x00000000e1a80000)
  to   space 5632K, 0% used [0x00000000e0f80000,0x00000000e0f80000,0x00000000e1500000)
 ParOldGen       total 33280K, used 14392K [0x00000000a0000000, 0x00000000a2080000, 0x00000000e0000000)
  object space 33280K, 43% used [0x00000000a0000000,0x00000000a0e0e110,0x00000000a2080000)
 Metaspace       used 38775K, capacity 39420K, committed 39728K, reserved 1083392K
  class space    used 5310K, capacity 5594K, committed 5680K, reserved 1048576K
Event: 55.240 GC heap after
Heap after GC invocations=25 (full 2):
 PSYoungGen      total 21504K, used 3332K [0x00000000e0000000, 0x00000000e1a80000, 0x0000000100000000)
  eden space 15872K, 0% used [0x00000000e0000000,0x00000000e0000000,0x00000000e0f80000)
  from space 5632K, 59% used [0x00000000e0f80000,0x00000000e12c1250,0x00000000e1500000)
  to   space 5632K, 0% used [0x00000000e1500000,0x00000000e1500000,0x00000000e1a80000)
 ParOldGen       total 33280K, used 14888K [0x00000000a0000000, 0x00000000a2080000, 0x00000000e0000000)
  object space 33280K, 44% used [0x00000000a0000000,0x00000000a0e8a150,0x00000000a2080000)
 Metaspace       used 38775K, capacity 39420K, committed 39728K, reserved 1083392K
  class space    used 5310K, capacity 5594K, committed 5680K, reserved 1048576K
}
Event: 56.072 GC heap before
{Heap before GC invocations=26 (full 2):
 PSYoungGen      total 21504K, used 19204K [0x00000000e0000000, 0x00000000e1a80000, 0x0000000100000000)
  eden space 15872K, 100% used [0x00000000e0000000,0x00000000e0f80000,0x00000000e0f80000)
  from space 5632K, 59% used [0x00000000e0f80000,0x00000000e12c1250,0x00000000e1500000)
  to   space 5632K, 0% used [0x00000000e1500000,0x00000000e1500000,0x00000000e1a80000)
 ParOldGen       total 33280K, used 14888K [0x00000000a0000000, 0x00000000a2080000, 0x00000000e0000000)
  object space 33280K, 44% used [0x00000000a0000000,0x00000000a0e8a150,0x00000000a2080000)
 Metaspace       used 39657K, capacity 40290K, committed 40624K, reserved 1083392K
  class space    used 5426K, capacity 5691K, committed 5808K, reserved 1048576K
Event: 56.076 GC heap after
Heap after GC invocations=26 (full 2):
 PSYoungGen      total 21504K, used 3820K [0x00000000e0000000, 0x00000000e1a80000, 0x0000000100000000)
  eden space 15872K, 0% used [0x00000000e0000000,0x00000000e0000000,0x00000000e0f80000)
  from space 5632K, 67% used [0x00000000e1500000,0x00000000e18bb2e0,0x00000000e1a80000)
  to   space 5632K, 0% used [0x00000000e0f80000,0x00000000e0f80000,0x00000000e1500000)
 ParOldGen       total 33280K, used 14896K [0x00000000a0000000, 0x00000000a2080000, 0x00000000e0000000)
  object space 33280K, 44% used [0x00000000a0000000,0x00000000a0e8c150,0x00000000a2080000)
 Metaspace       used 39657K, capacity 40290K, committed 40624K, reserved 1083392K
  class space    used 5426K, capacity 5691K, committed 5808K, reserved 1048576K
}
Event: 57.488 GC heap before
{Heap before GC invocations=27 (full 2):
 PSYoungGen      total 21504K, used 19692K [0x00000000e0000000, 0x00000000e1a80000, 0x0000000100000000)
  eden space 15872K, 100% used [0x00000000e0000000,0x00000000e0f80000,0x00000000e0f80000)
  from space 5632K, 67% used [0x00000000e1500000,0x00000000e18bb2e0,0x00000000e1a80000)
  to   space 5632K, 0% used [0x00000000e0f80000,0x00000000e0f80000,0x00000000e1500000)
 ParOldGen       total 33280K, used 14896K [0x00000000a0000000, 0x00000000a2080000, 0x00000000e0000000)
  object space 33280K, 44% used [0x00000000a0000000,0x00000000a0e8c150,0x00000000a2080000)
 Metaspace       used 41238K, capacity 41932K, committed 42288K, reserved 1085440K
  class space    used 5573K, capacity 5826K, committed 5936K, reserved 1048576K
Event: 57.493 GC heap after
Heap after GC invocations=27 (full 2):
 PSYoungGen      total 21504K, used 4847K [0x00000000e0000000, 0x00000000e1b80000, 0x0000000100000000)
  eden space 15872K, 0% used [0x00000000e0000000,0x00000000e0000000,0x00000000e0f80000)
  from space 5632K, 86% used [0x00000000e0f80000,0x00000000e143bfc8,0x00000000e1500000)
  to   space 6144K, 0% used [0x00000000e1580000,0x00000000e1580000,0x00000000e1b80000)
 ParOldGen       total 33280K, used 17020K [0x00000000a0000000, 0x00000000a2080000, 0x00000000e0000000)
  object space 33280K, 51% used [0x00000000a0000000,0x00000000a109f018,0x00000000a2080000)
 Metaspace       used 41238K, capacity 41932K, committed 42288K, reserved 1085440K
  class space    used 5573K, capacity 5826K, committed 5936K, reserved 1048576K
}
Event: 58.060 GC heap before
{Heap before GC invocations=28 (full 2):
 PSYoungGen      total 21504K, used 20719K [0x00000000e0000000, 0x00000000e1b80000, 0x0000000100000000)
  eden space 15872K, 100% used [0x00000000e0000000,0x00000000e0f80000,0x00000000e0f80000)
  from space 5632K, 86% used [0x00000000e0f80000,0x00000000e143bfc8,0x00000000e1500000)
  to   space 6144K, 0% used [0x00000000e1580000,0x00000000e1580000,0x00000000e1b80000)
 ParOldGen       total 33280K, used 17020K [0x00000000a0000000, 0x00000000a2080000, 0x00000000e0000000)
  object space 33280K, 51% used [0x00000000a0000000,0x00000000a109f018,0x00000000a2080000)
 Metaspace       used 42054K, capacity 42792K, committed 43184K, reserved 1087488K
  class space    used 5694K, capacity 5982K, committed 6064K, reserved 1048576K
Event: 58.064 GC heap after
Heap after GC invocations=28 (full 2):
 PSYoungGen      total 20992K, used 3105K [0x00000000e0000000, 0x00000000e1a80000, 0x0000000100000000)
  eden space 15872K, 0% used [0x00000000e0000000,0x00000000e0000000,0x00000000e0f80000)
  from space 5120K, 60% used [0x00000000e1580000,0x00000000e18887f0,0x00000000e1a80000)
  to   space 5632K, 0% used [0x00000000e0f80000,0x00000000e0f80000,0x00000000e1500000)
 ParOldGen       total 33280K, used 19212K [0x00000000a0000000, 0x00000000a2080000, 0x00000000e0000000)
  object space 33280K, 57% used [0x00000000a0000000,0x00000000a12c3038,0x00000000a2080000)
 Metaspace       used 42054K, capacity 42792K, committed 43184K, reserved 1087488K
  class space    used 5694K, capacity 5982K, committed 6064K, reserved 1048576K
}

